<?xml version="1.0" encoding="UTF-8"?>
<testsuite name="com.bsamuel.exercise.string.ReversingWordsTest" tests="1" skipped="0" failures="0" errors="0" timestamp="2022-07-15T22:16:59" hostname="Binus-iMac" time="0.009">
  <properties/>
  <testcase name="testReversingWords()" classname="com.bsamuel.exercise.string.ReversingWordsTest" time="0.009"/>
  <system-out><![CDATA[]]></system-out>
  <system-err><![CDATA[]]></system-err>
</testsuite>
